Determining if the pthread_create exist failed with the following output:
Change Dir: /home/workspace/RoboND-ServiceBot/catkin_ws/build/CMakeFiles/CMakeTmp

Run Build Command:"/usr/bin/make" "cmTC_c4342/fast"
/usr/bin/make -f CMakeFiles/cmTC_c4342.dir/build.make CMakeFiles/cmTC_c4342.dir/build
make[1]: Entering directory '/home/workspace/RoboND-ServiceBot/catkin_ws/build/CMakeFiles/CMakeTmp'
Building C object CMakeFiles/cmTC_c4342.dir/CheckSymbolExists.c.o
/usr/bin/cc     -o CMakeFiles/cmTC_c4342.dir/CheckSymbolExists.c.o   -c /home/workspace/RoboND-ServiceBot/catkin_ws/build/CMakeFiles/CMakeTmp/CheckSymbolExists.c
Linking C executable cmTC_c4342
/usr/bin/cmake -E cmake_link_script CMakeFiles/cmTC_c4342.dir/link.txt --verbose=1
/usr/bin/cc       CMakeFiles/cmTC_c4342.dir/CheckSymbolExists.c.o  -o cmTC_c4342 -rdynamic 
CMakeFiles/cmTC_c4342.dir/CheckSymbolExists.c.o: In function `main':
CheckSymbolExists.c:(.text+0x16): undefined reference to `pthread_create'
collect2: error: ld returned 1 exit status
CMakeFiles/cmTC_c4342.dir/build.make:97: recipe for target 'cmTC_c4342' failed
make[1]: *** [cmTC_c4342] Error 1
make[1]: Leaving directory '/home/workspace/RoboND-ServiceBot/catkin_ws/build/CMakeFiles/CMakeTmp'
Makefile:126: recipe for target 'cmTC_c4342/fast' failed
make: *** [cmTC_c4342/fast] Error 2

File /home/workspace/RoboND-ServiceBot/catkin_ws/build/CMakeFiles/CMakeTmp/CheckSymbolExists.c:
/* */
#include <pthread.h>

int main(int argc, char** argv)
{
  (void)argv;
#ifndef pthread_create
  return ((int*)(&pthread_create))[argc];
#else
  (void)argc;
  return 0;
#endif
}

Determining if the function pthread_create exists in the pthreads failed with the following output:
Change Dir: /home/workspace/RoboND-ServiceBot/catkin_ws/build/CMakeFiles/CMakeTmp

Run Build Command:"/usr/bin/make" "cmTC_ba29d/fast"
/usr/bin/make -f CMakeFiles/cmTC_ba29d.dir/build.make CMakeFiles/cmTC_ba29d.dir/build
make[1]: Entering directory '/home/workspace/RoboND-ServiceBot/catkin_ws/build/CMakeFiles/CMakeTmp'
Building C object CMakeFiles/cmTC_ba29d.dir/CheckFunctionExists.c.o
/usr/bin/cc    -DCHECK_FUNCTION_EXISTS=pthread_create   -o CMakeFiles/cmTC_ba29d.dir/CheckFunctionExists.c.o   -c /usr/share/cmake-3.5/Modules/CheckFunctionExists.c
Linking C executable cmTC_ba29d
/usr/bin/cmake -E cmake_link_script CMakeFiles/cmTC_ba29d.dir/link.txt --verbose=1
/usr/bin/cc   -DCHECK_FUNCTION_EXISTS=pthread_create    CMakeFiles/cmTC_ba29d.dir/CheckFunctionExists.c.o  -o cmTC_ba29d -rdynamic -lpthreads 
/usr/bin/ld: cannot find -lpthreads
collect2: error: ld returned 1 exit status
CMakeFiles/cmTC_ba29d.dir/build.make:97: recipe for target 'cmTC_ba29d' failed
make[1]: *** [cmTC_ba29d] Error 1
make[1]: Leaving directory '/home/workspace/RoboND-ServiceBot/catkin_ws/build/CMakeFiles/CMakeTmp'
Makefile:126: recipe for target 'cmTC_ba29d/fast' failed
make: *** [cmTC_ba29d/fast] Error 2


